<?xml version="1.0" encoding="UTF-8"?>
<!-- Generated by org.testng.reporters.JUnitReportReporter -->
<testsuite hostname="LPCD-2TBFS93" failures="0" tests="1" name="SumValidation" time="0.989" errors="0" timestamp="2023-07-06T21:27:29 GMT+05:30" skipped="0">
  <testcase classname="SumValidation" name="sumOfCourses" time="0.989"/>
</testsuite> <!-- SumValidation -->
