<?xml version="1.0" encoding="UTF-8"?>
<!-- Generated by org.testng.reporters.JUnitReportReporter -->
<testsuite hostname="LPCD-2TBFS93" failures="0" tests="3" name="DynamicJson" time="2.745" errors="0" timestamp="2023-07-12T15:32:55 GMT+05:30" skipped="0">
  <testcase classname="DynamicJson" name="delete" time="2.226"/>
  <testcase classname="DynamicJson" name="delete" time="0.265"/>
  <testcase classname="DynamicJson" name="delete" time="0.254"/>
</testsuite> <!-- DynamicJson -->
